Determining if the pthread_create exist failed with the following output:
Change Dir: /home/cihan/SFND_Lidar_Obstacle_Detection/build/CMakeFiles/CMakeTmp

Run Build Command:"/usr/bin/make" "cmTC_34e90/fast"
/usr/bin/make -f CMakeFiles/cmTC_34e90.dir/build.make CMakeFiles/cmTC_34e90.dir/build
make[1]: Entering directory '/home/cihan/SFND_Lidar_Obstacle_Detection/build/CMakeFiles/CMakeTmp'
Building C object CMakeFiles/cmTC_34e90.dir/CheckSymbolExists.c.o
/usr/bin/cc     -o CMakeFiles/cmTC_34e90.dir/CheckSymbolExists.c.o   -c /home/cihan/SFND_Lidar_Obstacle_Detection/build/CMakeFiles/CMakeTmp/CheckSymbolExists.c
Linking C executable cmTC_34e90
/usr/bin/cmake -E cmake_link_script CMakeFiles/cmTC_34e90.dir/link.txt --verbose=1
/usr/bin/cc       CMakeFiles/cmTC_34e90.dir/CheckSymbolExists.c.o  -o cmTC_34e90 -rdynamic 
CMakeFiles/cmTC_34e90.dir/CheckSymbolExists.c.o: In function `main':
CheckSymbolExists.c:(.text+0x16): undefined reference to `pthread_create'
collect2: error: ld returned 1 exit status
CMakeFiles/cmTC_34e90.dir/build.make:97: recipe for target 'cmTC_34e90' failed
make[1]: *** [cmTC_34e90] Error 1
make[1]: Leaving directory '/home/cihan/SFND_Lidar_Obstacle_Detection/build/CMakeFiles/CMakeTmp'
Makefile:126: recipe for target 'cmTC_34e90/fast' failed
make: *** [cmTC_34e90/fast] Error 2

File /home/cihan/SFND_Lidar_Obstacle_Detection/build/CMakeFiles/CMakeTmp/CheckSymbolExists.c:
/* */
#include <pthread.h>

int main(int argc, char** argv)
{
  (void)argv;
#ifndef pthread_create
  return ((int*)(&pthread_create))[argc];
#else
  (void)argc;
  return 0;
#endif
}

Determining if the function pthread_create exists in the pthreads failed with the following output:
Change Dir: /home/cihan/SFND_Lidar_Obstacle_Detection/build/CMakeFiles/CMakeTmp

Run Build Command:"/usr/bin/make" "cmTC_2c40e/fast"
/usr/bin/make -f CMakeFiles/cmTC_2c40e.dir/build.make CMakeFiles/cmTC_2c40e.dir/build
make[1]: Entering directory '/home/cihan/SFND_Lidar_Obstacle_Detection/build/CMakeFiles/CMakeTmp'
Building C object CMakeFiles/cmTC_2c40e.dir/CheckFunctionExists.c.o
/usr/bin/cc    -DCHECK_FUNCTION_EXISTS=pthread_create   -o CMakeFiles/cmTC_2c40e.dir/CheckFunctionExists.c.o   -c /usr/share/cmake-3.5/Modules/CheckFunctionExists.c
Linking C executable cmTC_2c40e
/usr/bin/cmake -E cmake_link_script CMakeFiles/cmTC_2c40e.dir/link.txt --verbose=1
/usr/bin/cc   -DCHECK_FUNCTION_EXISTS=pthread_create    CMakeFiles/cmTC_2c40e.dir/CheckFunctionExists.c.o  -o cmTC_2c40e -rdynamic -lpthreads 
/usr/bin/ld: cannot find -lpthreads
collect2: error: ld returned 1 exit status
CMakeFiles/cmTC_2c40e.dir/build.make:97: recipe for target 'cmTC_2c40e' failed
make[1]: *** [cmTC_2c40e] Error 1
make[1]: Leaving directory '/home/cihan/SFND_Lidar_Obstacle_Detection/build/CMakeFiles/CMakeTmp'
Makefile:126: recipe for target 'cmTC_2c40e/fast' failed
make: *** [cmTC_2c40e/fast] Error 2


